\BOOKMARK [1][-]{section.1}{\376\377\000I\000n\000t\000r\000o\000d\000u\000c\000t\000i\000o\000n}{}% 1
\BOOKMARK [2][-]{subsection.1.1}{\376\377\000B\000a\000s\000i\000c\000\040\000u\000s\000a\000g\000e}{section.1}% 2
\BOOKMARK [1][-]{section.2}{\376\377\000S\000u\000m\000m\000a\000r\000y\000\040\000o\000f\000\040\000i\000n\000c\000l\000u\000d\000e\000d\000\040\000f\000i\000l\000e\000s}{}% 3
\BOOKMARK [2][-]{subsection.2.1}{\376\377\000m\000a\000i\000n\000.\000m}{section.2}% 4
\BOOKMARK [2][-]{subsection.2.2}{\376\377\000M\000o\000d\000e\000l\000s}{section.2}% 5
\BOOKMARK [3][-]{subsubsection.2.2.1}{\376\377\000B\000a\000s\000e\000M\000o\000d\000e\000l}{subsection.2.2}% 6
\BOOKMARK [3][-]{subsubsection.2.2.2}{\376\377\000C\000o\000n\000s\000t\000r\000a\000i\000n\000e\000r}{subsection.2.2}% 7
\BOOKMARK [3][-]{subsubsection.2.2.3}{\376\377\000L\000i\000n\000e\000a\000r\000E\000l\000a\000s\000t\000i\000c}{subsection.2.2}% 8
\BOOKMARK [3][-]{subsubsection.2.2.4}{\376\377\000H\000y\000d\000r\000o\000g\000e\000n\000D\000i\000f\000f\000u\000s\000i\000o\000n\000U\000n\000D\000a\000m\000a\000g\000e\000d}{subsection.2.2}% 9
\BOOKMARK [3][-]{subsubsection.2.2.5}{\376\377\000E\000l\000e\000c\000t\000r\000o\000l\000y\000t\000e}{subsection.2.2}% 10
\BOOKMARK [3][-]{subsubsection.2.2.6}{\376\377\000E\000l\000e\000c\000t\000r\000o\000l\000y\000t\000e\000I\000n\000t\000e\000r\000f\000a\000c\000e}{subsection.2.2}% 11
\BOOKMARK [3][-]{subsubsection.2.2.7}{\376\377\000P\000h\000a\000s\000e\000f\000i\000e\000l\000d\000D\000a\000m\000a\000g\000e}{subsection.2.2}% 12
\BOOKMARK [3][-]{subsubsection.2.2.8}{\376\377\000H\000y\000d\000r\000o\000g\000e\000n\000D\000i\000f\000f\000u\000s\000i\000o\000n}{subsection.2.2}% 13
\BOOKMARK [3][-]{subsubsection.2.2.9}{\376\377\000P\000h\000a\000s\000e\000f\000i\000e\000l\000d\000E\000l\000e\000c\000t\000r\000o\000l\000y\000t\000e}{subsection.2.2}% 14
\BOOKMARK [2][-]{subsection.2.3}{\376\377\000M\000e\000s\000h}{section.2}% 15
\BOOKMARK [2][-]{subsection.2.4}{\376\377\000S\000h\000a\000p\000e\000s}{section.2}% 16
\BOOKMARK [2][-]{subsection.2.5}{\376\377\000P\000h\000y\000s\000i\000c\000s}{section.2}% 17
\BOOKMARK [2][-]{subsection.2.6}{\376\377\000D\000o\000f\000s\000p\000a\000c\000e}{section.2}% 18
\BOOKMARK [2][-]{subsection.2.7}{\376\377\000S\000o\000l\000v\000e\000r}{section.2}% 19
\BOOKMARK [1][-]{section.3}{\376\377\000S\000p\000e\000c\000i\000f\000i\000c\000s\000:\000\040\000F\000r\000a\000c\000t\000u\000r\000e\000\040\000o\000p\000e\000n\000i\000n\000g\000\040\000h\000e\000i\000g\000h\000t}{}% 20
\BOOKMARK [1][-]{section.4}{\376\377\000S\000a\000m\000p\000l\000e\000\040\000r\000e\000s\000u\000l\000t\000s}{}% 21
\BOOKMARK [2][-]{subsection.4.1}{\376\377\000S\000t\000a\000t\000i\000c\000\040\000c\000r\000a\000c\000k\000s}{section.4}% 22
\BOOKMARK [2][-]{subsection.4.2}{\376\377\000P\000r\000o\000p\000a\000g\000a\000t\000i\000n\000g\000\040\000c\000r\000a\000c\000k\000s}{section.4}% 23
